[1108/224505.464:ERROR:directory_reader_win.cc(43)] FindFirstFile: The system cannot find the path specified. (0x3)
[1108/224505.499:ERROR:filesystem_win.cc(129)] GetFileAttributes C:\Users\bande\AppData\Local\Google\Chrome\User Data\Crashpad\attachments\295ba34e-cb54-4396-b042-e37939b57611: The system cannot find the path specified. (0x3)
[1108/224505.508:ERROR:filesystem_win.cc(129)] GetFileAttributes C:\Users\bande\AppData\Local\Google\Chrome\User Data\Crashpad\attachments\c466fe7f-3056-42c5-8b13-1c132389091b: The system cannot find the path specified. (0x3)
[1108/224505.515:ERROR:filesystem_win.cc(129)] GetFileAttributes C:\Users\bande\AppData\Local\Google\Chrome\User Data\Crashpad\attachments\43ab9afb-b5d0-4eed-b209-d0dd561188ce: The system cannot find the path specified. (0x3)
[1108/224505.522:ERROR:filesystem_win.cc(129)] GetFileAttributes C:\Users\bande\AppData\Local\Google\Chrome\User Data\Crashpad\attachments\0f87000c-c74f-47d8-8f13-1f4051335948: The system cannot find the path specified. (0x3)
[1108/224505.529:ERROR:filesystem_win.cc(129)] GetFileAttributes C:\Users\bande\AppData\Local\Google\Chrome\User Data\Crashpad\attachments\f3e62308-1672-4ca0-a70d-38250d7dac10: The system cannot find the path specified. (0x3)
[1108/224505.537:ERROR:filesystem_win.cc(129)] GetFileAttributes C:\Users\bande\AppData\Local\Google\Chrome\User Data\Crashpad\attachments\080aaaf8-0c58-4833-bfde-6be97580897c: The system cannot find the path specified. (0x3)
[1108/224505.545:ERROR:filesystem_win.cc(129)] GetFileAttributes C:\Users\bande\AppData\Local\Google\Chrome\User Data\Crashpad\attachments\f1d3f802-5096-4249-85ac-6bffeab3c347: The system cannot find the path specified. (0x3)
[1108/224505.545:ERROR:filesystem_win.cc(129)] GetFileAttributes C:\Users\bande\AppData\Local\Google\Chrome\User Data\Crashpad\attachments\58c24bc3-b6ac-4624-acbe-d8172fb9fbbc: The system cannot find the path specified. (0x3)
[1108/224505.555:ERROR:filesystem_win.cc(129)] GetFileAttributes C:\Users\bande\AppData\Local\Google\Chrome\User Data\Crashpad\attachments\feda5204-1831-42bd-80c1-5c82969bd82e: The system cannot find the path specified. (0x3)
[1108/224505.555:ERROR:filesystem_win.cc(129)] GetFileAttributes C:\Users\bande\AppData\Local\Google\Chrome\User Data\Crashpad\attachments\da17825f-2284-4a44-913e-097f62b22c1f: The system cannot find the path specified. (0x3)
[1108/224505.565:ERROR:filesystem_win.cc(129)] GetFileAttributes C:\Users\bande\AppData\Local\Google\Chrome\User Data\Crashpad\attachments\ebd33b17-2ae4-4445-8e88-990cdd7d462b: The system cannot find the path specified. (0x3)
[1108/224505.575:ERROR:filesystem_win.cc(129)] GetFileAttributes C:\Users\bande\AppData\Local\Google\Chrome\User Data\Crashpad\attachments\eb38c9c7-a932-41af-a654-910fa1e8d12d: The system cannot find the path specified. (0x3)
[1108/224505.582:ERROR:filesystem_win.cc(129)] GetFileAttributes C:\Users\bande\AppData\Local\Google\Chrome\User Data\Crashpad\attachments\0b6b64ef-b374-4753-90f2-7bb4cc359cb9: The system cannot find the path specified. (0x3)
[1108/224505.590:ERROR:filesystem_win.cc(129)] GetFileAttributes C:\Users\bande\AppData\Local\Google\Chrome\User Data\Crashpad\attachments\189a5291-aaba-4067-b6ff-8f92baaa3e43: The system cannot find the path specified. (0x3)
[1108/224505.598:ERROR:filesystem_win.cc(129)] GetFileAttributes C:\Users\bande\AppData\Local\Google\Chrome\User Data\Crashpad\attachments\0cda6f4d-ddd3-4d62-9cf8-c10d9e8b6089: The system cannot find the path specified. (0x3)
[1108/224505.608:ERROR:filesystem_win.cc(129)] GetFileAttributes C:\Users\bande\AppData\Local\Google\Chrome\User Data\Crashpad\attachments\19a660d3-3ba4-4b99-b8d3-bb486e6d60d6: The system cannot find the path specified. (0x3)
[1108/224505.617:ERROR:filesystem_win.cc(129)] GetFileAttributes C:\Users\bande\AppData\Local\Google\Chrome\User Data\Crashpad\attachments\ab5c0927-4657-40a6-901b-83ac4dbf4983: The system cannot find the path specified. (0x3)
[1108/224505.625:ERROR:filesystem_win.cc(129)] GetFileAttributes C:\Users\bande\AppData\Local\Google\Chrome\User Data\Crashpad\attachments\60359afc-e506-4d8e-9c6e-7ddb0b68223f: The system cannot find the path specified. (0x3)
[1108/224505.635:ERROR:filesystem_win.cc(129)] GetFileAttributes C:\Users\bande\AppData\Local\Google\Chrome\User Data\Crashpad\attachments\c2541ffe-f49f-439f-a263-ea0a438296af: The system cannot find the path specified. (0x3)
[1108/224505.644:ERROR:filesystem_win.cc(129)] GetFileAttributes C:\Users\bande\AppData\Local\Google\Chrome\User Data\Crashpad\attachments\773ce834-8027-4a74-aae6-4d86ba605409: The system cannot find the path specified. (0x3)
[1108/224505.652:ERROR:filesystem_win.cc(129)] GetFileAttributes C:\Users\bande\AppData\Local\Google\Chrome\User Data\Crashpad\attachments\be37e5ab-8845-4b0a-92cd-6c0333affd0b: The system cannot find the path specified. (0x3)
[1108/224505.659:ERROR:filesystem_win.cc(129)] GetFileAttributes C:\Users\bande\AppData\Local\Google\Chrome\User Data\Crashpad\attachments\cfb917c4-238c-444a-a24f-8dc71f52a924: The system cannot find the path specified. (0x3)
[1108/224505.666:ERROR:filesystem_win.cc(129)] GetFileAttributes C:\Users\bande\AppData\Local\Google\Chrome\User Data\Crashpad\attachments\a7b7a39c-cc92-4393-876e-497a2226d525: The system cannot find the path specified. (0x3)
[1108/224505.673:ERROR:filesystem_win.cc(129)] GetFileAttributes C:\Users\bande\AppData\Local\Google\Chrome\User Data\Crashpad\attachments\a97b70d4-4c8a-4230-ae87-a661312e62be: The system cannot find the path specified. (0x3)
[1108/224505.680:ERROR:filesystem_win.cc(129)] GetFileAttributes C:\Users\bande\AppData\Local\Google\Chrome\User Data\Crashpad\attachments\66e59b81-920f-470d-b455-7e9d7460f7cc: The system cannot find the path specified. (0x3)
[1108/224505.689:ERROR:filesystem_win.cc(129)] GetFileAttributes C:\Users\bande\AppData\Local\Google\Chrome\User Data\Crashpad\attachments\da6abc35-2f05-4726-8a15-1e1243f813a8: The system cannot find the path specified. (0x3)
[1108/224505.694:ERROR:filesystem_win.cc(129)] GetFileAttributes C:\Users\bande\AppData\Local\Google\Chrome\User Data\Crashpad\attachments\7bd2d1d3-80e6-49d0-9dbc-9b913617ef3b: The system cannot find the path specified. (0x3)
[1108/224505.701:ERROR:filesystem_win.cc(129)] GetFileAttributes C:\Users\bande\AppData\Local\Google\Chrome\User Data\Crashpad\attachments\d1b402cb-1303-4a38-ae0f-3759e2873622: The system cannot find the path specified. (0x3)
[1108/224505.707:ERROR:filesystem_win.cc(129)] GetFileAttributes C:\Users\bande\AppData\Local\Google\Chrome\User Data\Crashpad\attachments\c17c3b14-8d1b-4faa-80ce-e3b9940d3b6a: The system cannot find the path specified. (0x3)
[1108/224505.712:ERROR:filesystem_win.cc(129)] GetFileAttributes C:\Users\bande\AppData\Local\Google\Chrome\User Data\Crashpad\attachments\9b320a00-76ec-44ff-ad53-45084f32b895: The system cannot find the path specified. (0x3)
[1108/224505.718:ERROR:filesystem_win.cc(129)] GetFileAttributes C:\Users\bande\AppData\Local\Google\Chrome\User Data\Crashpad\attachments\273a0a03-4eb6-4181-a89a-74a8f2d7dd7a: The system cannot find the path specified. (0x3)
[1108/224505.723:ERROR:filesystem_win.cc(129)] GetFileAttributes C:\Users\bande\AppData\Local\Google\Chrome\User Data\Crashpad\attachments\6139b2b1-c08e-40a5-b41d-095e6309c295: The system cannot find the path specified. (0x3)
[1108/224505.729:ERROR:filesystem_win.cc(129)] GetFileAttributes C:\Users\bande\AppData\Local\Google\Chrome\User Data\Crashpad\attachments\a49f92f2-266e-4e44-8daa-3cbe105032eb: The system cannot find the path specified. (0x3)
[1108/224505.737:ERROR:filesystem_win.cc(129)] GetFileAttributes C:\Users\bande\AppData\Local\Google\Chrome\User Data\Crashpad\attachments\698fbcde-6554-42cc-9c05-5de8f65268dd: The system cannot find the path specified. (0x3)
[1108/224505.742:ERROR:filesystem_win.cc(129)] GetFileAttributes C:\Users\bande\AppData\Local\Google\Chrome\User Data\Crashpad\attachments\66ff6bd4-35c2-42eb-9341-c9d14d05da75: The system cannot find the path specified. (0x3)
[1108/224505.745:ERROR:filesystem_win.cc(129)] GetFileAttributes C:\Users\bande\AppData\Local\Google\Chrome\User Data\Crashpad\attachments\ad92d880-7ef8-42cd-b406-d09680fbc78f: The system cannot find the path specified. (0x3)
[1108/224505.745:ERROR:filesystem_win.cc(129)] GetFileAttributes C:\Users\bande\AppData\Local\Google\Chrome\User Data\Crashpad\attachments\c39e5eab-7dbd-430e-8ff0-833a38562707: The system cannot find the path specified. (0x3)
[1108/224505.755:ERROR:filesystem_win.cc(129)] GetFileAttributes C:\Users\bande\AppData\Local\Google\Chrome\User Data\Crashpad\attachments\56208658-544f-4ccb-bb2d-4a9afbd82d51: The system cannot find the path specified. (0x3)
[1108/224505.755:ERROR:filesystem_win.cc(129)] GetFileAttributes C:\Users\bande\AppData\Local\Google\Chrome\User Data\Crashpad\attachments\af9e01e9-137b-43d3-8fda-4d146e0c9cbe: The system cannot find the path specified. (0x3)
[1108/224505.765:ERROR:filesystem_win.cc(129)] GetFileAttributes C:\Users\bande\AppData\Local\Google\Chrome\User Data\Crashpad\attachments\4026e023-1616-444e-a363-f41dfdf26b5e: The system cannot find the path specified. (0x3)
[1108/224505.765:ERROR:filesystem_win.cc(129)] GetFileAttributes C:\Users\bande\AppData\Local\Google\Chrome\User Data\Crashpad\attachments\6048f677-241b-4c5b-ab4a-6946937f235b: The system cannot find the path specified. (0x3)
[1108/224505.775:ERROR:filesystem_win.cc(129)] GetFileAttributes C:\Users\bande\AppData\Local\Google\Chrome\User Data\Crashpad\attachments\b69eb0f8-b725-4739-86c4-25f9ef2210ef: The system cannot find the path specified. (0x3)
[1108/224505.775:ERROR:filesystem_win.cc(129)] GetFileAttributes C:\Users\bande\AppData\Local\Google\Chrome\User Data\Crashpad\attachments\86156abf-81c8-420e-8299-f432edd5aed1: The system cannot find the path specified. (0x3)
[1108/224505.782:ERROR:filesystem_win.cc(129)] GetFileAttributes C:\Users\bande\AppData\Local\Google\Chrome\User Data\Crashpad\attachments\44df8f9c-d01e-42d0-b81d-493ca3a01ec4: The system cannot find the path specified. (0x3)
[1108/224505.782:ERROR:filesystem_win.cc(129)] GetFileAttributes C:\Users\bande\AppData\Local\Google\Chrome\User Data\Crashpad\attachments\4595930f-a209-479d-b5e2-4cbc048942bd: The system cannot find the path specified. (0x3)
[1108/224505.792:ERROR:filesystem_win.cc(129)] GetFileAttributes C:\Users\bande\AppData\Local\Google\Chrome\User Data\Crashpad\attachments\e8370535-243d-4e5c-ab9f-361c432aa203: The system cannot find the path specified. (0x3)
[1108/224505.792:ERROR:filesystem_win.cc(129)] GetFileAttributes C:\Users\bande\AppData\Local\Google\Chrome\User Data\Crashpad\attachments\05d2e6a2-f8fe-401b-82ba-b16af6231d42: The system cannot find the path specified. (0x3)
[1108/224505.802:ERROR:filesystem_win.cc(129)] GetFileAttributes C:\Users\bande\AppData\Local\Google\Chrome\User Data\Crashpad\attachments\d7286d69-e0cd-4247-9e94-ffa2ca5c3488: The system cannot find the path specified. (0x3)
[1108/224505.802:ERROR:filesystem_win.cc(129)] GetFileAttributes C:\Users\bande\AppData\Local\Google\Chrome\User Data\Crashpad\attachments\0adefc91-de36-426b-9100-5f9410e95e24: The system cannot find the path specified. (0x3)
[1108/224505.812:ERROR:filesystem_win.cc(129)] GetFileAttributes C:\Users\bande\AppData\Local\Google\Chrome\User Data\Crashpad\attachments\e3b488be-18df-4ed4-8212-7651f2e69de7: The system cannot find the path specified. (0x3)
[1108/224505.812:ERROR:filesystem_win.cc(129)] GetFileAttributes C:\Users\bande\AppData\Local\Google\Chrome\User Data\Crashpad\attachments\25d3d708-3194-4290-8bfa-6d1030ad3d8d: The system cannot find the path specified. (0x3)
[1108/224505.812:ERROR:filesystem_win.cc(129)] GetFileAttributes C:\Users\bande\AppData\Local\Google\Chrome\User Data\Crashpad\attachments\d7e20cb5-25ab-41b1-8c49-4fe2a02f144d: The system cannot find the path specified. (0x3)
[1108/224505.822:ERROR:filesystem_win.cc(129)] GetFileAttributes C:\Users\bande\AppData\Local\Google\Chrome\User Data\Crashpad\attachments\a86eb4ea-d3fb-43ff-93cd-7b42236f546c: The system cannot find the path specified. (0x3)
[1108/224505.822:ERROR:filesystem_win.cc(129)] GetFileAttributes C:\Users\bande\AppData\Local\Google\Chrome\User Data\Crashpad\attachments\f946f8f7-ef39-4ef6-bfb6-4dfcdb1f58b9: The system cannot find the path specified. (0x3)
[1108/224505.832:ERROR:filesystem_win.cc(129)] GetFileAttributes C:\Users\bande\AppData\Local\Google\Chrome\User Data\Crashpad\attachments\7f1d6997-f59e-4eae-91f8-2a6d671666ca: The system cannot find the path specified. (0x3)
[1108/224505.832:ERROR:filesystem_win.cc(129)] GetFileAttributes C:\Users\bande\AppData\Local\Google\Chrome\User Data\Crashpad\attachments\58311c36-9d27-407e-bd17-b2cc97a4e430: The system cannot find the path specified. (0x3)
[1109/215527.196:ERROR:directory_reader_win.cc(43)] FindFirstFile: The system cannot find the path specified. (0x3)
[1109/215527.306:ERROR:filesystem_win.cc(129)] GetFileAttributes C:\Users\bande\AppData\Local\Google\Chrome\User Data\Crashpad\attachments\35dea5a7-8ccc-40e7-aae1-a94beacfbace: The system cannot find the path specified. (0x3)
[1109/215527.316:ERROR:filesystem_win.cc(129)] GetFileAttributes C:\Users\bande\AppData\Local\Google\Chrome\User Data\Crashpad\attachments\d4e54c37-024f-4cb8-904e-3d82cfed85e8: The system cannot find the path specified. (0x3)
[1109/215527.316:ERROR:filesystem_win.cc(129)] GetFileAttributes C:\Users\bande\AppData\Local\Google\Chrome\User Data\Crashpad\attachments\59a68101-505e-4804-9834-3d335a8b5a14: The system cannot find the path specified. (0x3)
[1110/205004.310:ERROR:directory_reader_win.cc(43)] FindFirstFile: The system cannot find the path specified. (0x3)
